<?xml version="1.0" encoding="UTF-8"?>
<testsuite errors="1" failures="0" name="BubbleSort_tests.TestBubbleSort-20171102131458" skipped="0" tests="8" time="0.005">
	<testcase classname="BubbleSort_tests.TestBubbleSort" name="test_bubble_sort" time="0.000"/>
	<testcase classname="BubbleSort_tests.TestBubbleSort" name="test_elements_with_number" time="0.001"/>
	<testcase classname="BubbleSort_tests.TestBubbleSort" name="test_elements_with_string_and_number" time="0.001"/>
	<testcase classname="BubbleSort_tests.TestBubbleSort" name="test_elements_without_string_And_number" time="0.000"/>
	<testcase classname="BubbleSort_tests.TestBubbleSort" name="test_get_number_tosort" time="0.001"/>
	<testcase classname="BubbleSort_tests.TestBubbleSort" name="test_get_number_tosort_exception" time="0.001"/>
	<testcase classname="BubbleSort_tests.TestBubbleSort" name="test_to_cancel_sorting" time="0.001"/>
	<testcase classname="BubbleSort_tests.TestBubbleSort" name="test_to_get_element" time="0.001">
		<error message="test_to_get_element() takes exactly 2 arguments (3 given)" type="TypeError">
<![CDATA[Traceback (most recent call last):
  File "/home/asha/eclipse-workspace/MyApp/myappdev/local/lib/python2.7/site-packages/mock/mock.py", line 1305, in patched
    return func(*args, **keywargs)
TypeError: test_to_get_element() takes exactly 2 arguments (3 given)
]]>		</error>
	</testcase>
	<system-out>
<![CDATA[[6, 7, 5, 4, 3, 2, 1]
[5, 7, 6, 4, 3, 2, 1]
[5, 6, 7, 4, 3, 2, 1]
[4, 6, 7, 5, 3, 2, 1]
[4, 5, 7, 6, 3, 2, 1]
[4, 5, 6, 7, 3, 2, 1]
[3, 5, 6, 7, 4, 2, 1]
[3, 4, 6, 7, 5, 2, 1]
[3, 4, 5, 7, 6, 2, 1]
[3, 4, 5, 6, 7, 2, 1]
[2, 4, 5, 6, 7, 3, 1]
[2, 3, 5, 6, 7, 4, 1]
[2, 3, 4, 6, 7, 5, 1]
[2, 3, 4, 5, 7, 6, 1]
[2, 3, 4, 5, 6, 7, 1]
[1, 3, 4, 5, 6, 7, 2]
[1, 2, 4, 5, 6, 7, 3]
[1, 2, 3, 5, 6, 7, 4]
[1, 2, 3, 4, 6, 7, 5]
[1, 2, 3, 4, 5, 7, 6]
[1, 2, 3, 4, 5, 6, 7]
Fully Sorted :[1, 2, 3, 4, 5, 6, 7]
Removed Elements :['A']
No Elements To Sort
Please Enter Int Value
Try Again, You Cancel the sorting
]]>	</system-out>
	<system-err>
<![CDATA[]]>	</system-err>
</testsuite>
