<?xml version="1.0" encoding="UTF-8"?>
<testsuite errors="1" failures="0" name="BubbleSort_tests.TestBubbleSort-20171101180038" skipped="0" tests="1" time="0.001">
	<testcase classname="BubbleSort_tests.TestBubbleSort" name="test_get_inputs_number" time="0.001">
		<error message="&lt;module '__builtin__' (built-in)&gt; does not have the attribute '__builtin__.raw_input'" type="AttributeError">
<![CDATA[Traceback (most recent call last):
  File "/usr/lib/python2.7/dist-packages/mock/mock.py", line 1297, in patched
    arg = patching.__enter__()
  File "/usr/lib/python2.7/dist-packages/mock/mock.py", line 1369, in __enter__
    original, local = self.get_original()
  File "/usr/lib/python2.7/dist-packages/mock/mock.py", line 1343, in get_original
    "%s does not have the attribute %r" % (target, name)
AttributeError: <module '__builtin__' (built-in)> does not have the attribute '__builtin__.raw_input'
]]>		</error>
	</testcase>
	<system-out>
<![CDATA[]]>	</system-out>
	<system-err>
<![CDATA[]]>	</system-err>
</testsuite>
